# JRE version: Java(TM) SE Runtime Environment (8.0_101-b13) (build 1.8.0_101-b13)
# Java VM: Java HotSpot(TM) 64-Bit Server VM (25.101-b13 mixed mode windows-amd64 compressed oops)
Heap:
 PSYoungGen      total 300032K, used 51616K [0x00000000eab00000, 0x0000000100000000, 0x0000000100000000)
  eden space 262144K, 19% used [0x00000000eab00000,0x00000000edd68288,0x00000000fab00000)
  from space 37888K, 0% used [0x00000000fdb00000,0x00000000fdb00000,0x0000000100000000)
  to   space 43520K, 0% used [0x00000000fab00000,0x00000000fab00000,0x00000000fd580000)
 ParOldGen       total 124416K, used 64554K [0x00000000c0000000, 0x00000000c7980000, 0x00000000eab00000)
  object space 124416K, 51% used [0x00000000c0000000,0x00000000c3f0a900,0x00000000c7980000)
 Metaspace       used 76878K, capacity 79532K, committed 84952K, reserved 1122304K
  class space    used 10434K, capacity 11315K, committed 13056K, reserved 1048576K
GC Heap History (10 events):
Event: 1229.474 GC heap before
{Heap before GC invocations=19 (full 4):
 PSYoungGen      total 312320K, used 305459K [0x00000000eab00000, 0x0000000100000000, 0x0000000100000000)
  eden space 280576K, 100% used [0x00000000eab00000,0x00000000fbd00000,0x00000000fbd00000)
  from space 31744K, 78% used [0x00000000fe100000,0x00000000ff94ceb0,0x0000000100000000)
  to   space 34304K, 0% used [0x00000000fbd00000,0x00000000fbd00000,0x00000000fde80000)
 ParOldGen       total 124416K, used 73375K [0x00000000c0000000, 0x00000000c7980000, 0x00000000eab00000)
  object space 124416K, 58% used [0x00000000c0000000,0x00000000c47a7f38,0x00000000c7980000)
 Metaspace       used 70725K, capacity 75052K, committed 75096K, reserved 1114112K
  class space    used 9842K, capacity 11380K, committed 11392K, reserved 1048576K
Event: 1229.522 GC heap after
Heap after GC invocations=19 (full 4):
 PSYoungGen      total 311808K, used 31136K [0x00000000eab00000, 0x0000000100000000, 0x0000000100000000)
  eden space 280576K, 0% used [0x00000000eab00000,0x00000000eab00000,0x00000000fbd00000)
  from space 31232K, 99% used [0x00000000fbd00000,0x00000000fdb680d8,0x00000000fdb80000)
  to   space 37376K, 0% used [0x00000000fdb80000,0x00000000fdb80000,0x0000000100000000)
 ParOldGen       total 124416K, used 73383K [0x00000000c0000000, 0x00000000c7980000, 0x00000000eab00000)
  object space 124416K, 58% used [0x00000000c0000000,0x00000000c47a9f38,0x00000000c7980000)
 Metaspace       used 70725K, capacity 75052K, committed 75096K, reserved 1114112K
  class space    used 9842K, capacity 11380K, committed 11392K, reserved 1048576K
}
Event: 1230.897 GC heap before
{Heap before GC invocations=20 (full 4):
 PSYoungGen      total 311808K, used 311712K [0x00000000eab00000, 0x0000000100000000, 0x0000000100000000)
  eden space 280576K, 100% used [0x00000000eab00000,0x00000000fbd00000,0x00000000fbd00000)
  from space 31232K, 99% used [0x00000000fbd00000,0x00000000fdb680d8,0x00000000fdb80000)
  to   space 37376K, 0% used [0x00000000fdb80000,0x00000000fdb80000,0x0000000100000000)
 ParOldGen       total 124416K, used 73383K [0x00000000c0000000, 0x00000000c7980000, 0x00000000eab00000)
  object space 124416K, 58% used [0x00000000c0000000,0x00000000c47a9f38,0x00000000c7980000)
 Metaspace       used 71003K, capacity 75528K, committed 75736K, reserved 1114112K
  class space    used 9872K, capacity 11520K, committed 11520K, reserved 1048576K
Event: 1230.934 GC heap after
Heap after GC invocations=20 (full 4):
 PSYoungGen      total 310784K, used 19026K [0x00000000eab00000, 0x0000000100000000, 0x0000000100000000)
  eden space 273408K, 0% used [0x00000000eab00000,0x00000000eab00000,0x00000000fb600000)
  from space 37376K, 50% used [0x00000000fdb80000,0x00000000fee14930,0x0000000100000000)
  to   space 37888K, 0% used [0x00000000fb600000,0x00000000fb600000,0x00000000fdb00000)
 ParOldGen       total 124416K, used 73391K [0x00000000c0000000, 0x00000000c7980000, 0x00000000eab00000)
  object space 124416K, 58% used [0x00000000c0000000,0x00000000c47abf38,0x00000000c7980000)
 Metaspace       used 71003K, capacity 75528K, committed 75736K, reserved 1114112K
  class space    used 9872K, capacity 11520K, committed 11520K, reserved 1048576K
}
Event: 1233.641 GC heap before
{Heap before GC invocations=21 (full 4):
 PSYoungGen      total 310784K, used 292434K [0x00000000eab00000, 0x0000000100000000, 0x0000000100000000)
  eden space 273408K, 100% used [0x00000000eab00000,0x00000000fb600000,0x00000000fb600000)
  from space 37376K, 50% used [0x00000000fdb80000,0x00000000fee14930,0x0000000100000000)
  to   space 37888K, 0% used [0x00000000fb600000,0x00000000fb600000,0x00000000fdb00000)
 ParOldGen       total 124416K, used 73391K [0x00000000c0000000, 0x00000000c7980000, 0x00000000eab00000)
  object space 124416K, 58% used [0x00000000c0000000,0x00000000c47abf38,0x00000000c7980000)
 Metaspace       used 78409K, capacity 83466K, committed 83800K, reserved 1120256K
  class space    used 10945K, capacity 12831K, committed 12928K, reserved 1048576K
Event: 1233.746 GC heap after
Heap after GC invocations=21 (full 4):
 PSYoungGen      total 311296K, used 37869K [0x00000000eab00000, 0x0000000100000000, 0x0000000100000000)
  eden space 273408K, 0% used [0x00000000eab00000,0x00000000eab00000,0x00000000fb600000)
  from space 37888K, 99% used [0x00000000fb600000,0x00000000fdafb510,0x00000000fdb00000)
  to   space 37888K, 0% used [0x00000000fdb00000,0x00000000fdb00000,0x0000000100000000)
 ParOldGen       total 124416K, used 77453K [0x00000000c0000000, 0x00000000c7980000, 0x00000000eab00000)
  object space 124416K, 62% used [0x00000000c0000000,0x00000000c4ba37d0,0x00000000c7980000)
 Metaspace       used 78409K, capacity 83466K, committed 83800K, reserved 1120256K
  class space    used 10945K, capacity 12831K, committed 12928K, reserved 1048576K
}
Event: 1234.499 GC heap before
{Heap before GC invocations=22 (full 4):
 PSYoungGen      total 311296K, used 58829K [0x00000000eab00000, 0x0000000100000000, 0x0000000100000000)
  eden space 273408K, 7% used [0x00000000eab00000,0x00000000ebf78230,0x00000000fb600000)
  from space 37888K, 99% used [0x00000000fb600000,0x00000000fdafb510,0x00000000fdb00000)
  to   space 37888K, 0% used [0x00000000fdb00000,0x00000000fdb00000,0x0000000100000000)
 ParOldGen       total 124416K, used 77453K [0x00000000c0000000, 0x00000000c7980000, 0x00000000eab00000)
  object space 124416K, 62% used [0x00000000c0000000,0x00000000c4ba37d0,0x00000000c7980000)
 Metaspace       used 79424K, capacity 84714K, committed 84952K, reserved 1122304K
  class space    used 11120K, capacity 13025K, committed 13056K, reserved 1048576K
Event: 1234.587 GC heap after
Heap after GC invocations=22 (full 4):
 PSYoungGen      total 300032K, used 20629K [0x00000000eab00000, 0x0000000100000000, 0x0000000100000000)
  eden space 262144K, 0% used [0x00000000eab00000,0x00000000eab00000,0x00000000fab00000)
  from space 37888K, 54% used [0x00000000fdb00000,0x00000000fef25628,0x0000000100000000)
  to   space 43520K, 0% used [0x00000000fab00000,0x00000000fab00000,0x00000000fd580000)
 ParOldGen       total 124416K, used 93142K [0x00000000c0000000, 0x00000000c7980000, 0x00000000eab00000)
  object space 124416K, 74% used [0x00000000c0000000,0x00000000c5af59e8,0x00000000c7980000)
 Metaspace       used 79424K, capacity 84714K, committed 84952K, reserved 1122304K
  class space    used 11120K, capacity 13025K, committed 13056K, reserved 1048576K
}
Event: 1234.587 GC heap before
{Heap before GC invocations=23 (full 5):
 PSYoungGen      total 300032K, used 20629K [0x00000000eab00000, 0x0000000100000000, 0x0000000100000000)
  eden space 262144K, 0% used [0x00000000eab00000,0x00000000eab00000,0x00000000fab00000)
  from space 37888K, 54% used [0x00000000fdb00000,0x00000000fef25628,0x0000000100000000)
  to   space 43520K, 0% used [0x00000000fab00000,0x00000000fab00000,0x00000000fd580000)
 ParOldGen       total 124416K, used 93142K [0x00000000c0000000, 0x00000000c7980000, 0x00000000eab00000)
  object space 124416K, 74% used [0x00000000c0000000,0x00000000c5af59e8,0x00000000c7980000)
 Metaspace       used 79424K, capacity 84714K, committed 84952K, reserved 1122304K
  class space    used 11120K, capacity 13025K, committed 13056K, reserved 1048576K
Event: 1235.171 GC heap after
Heap after GC invocations=23 (full 5):
 PSYoungGen      total 300032K, used 0K [0x00000000eab00000, 0x0000000100000000, 0x0000000100000000)
  eden space 262144K, 0% used [0x00000000eab00000,0x00000000eab00000,0x00000000fab00000)
  from space 37888K, 0% used [0x00000000fdb00000,0x00000000fdb00000,0x0000000100000000)
  to   space 43520K, 0% used [0x00000000fab00000,0x00000000fab00000,0x00000000fd580000)
 ParOldGen       total 124416K, used 64554K [0x00000000c0000000, 0x00000000c7980000, 0x00000000eab00000)
  object space 124416K, 51% used [0x00000000c0000000,0x00000000c3f0a900,0x00000000c7980000)
 Metaspace       used 76553K, capacity 78836K, committed 84952K, reserved 1122304K
  class space    used 10381K, capacity 11139K, committed 13056K, reserved 1048576K
}

